<?xml version="1.0" encoding="UTF-8"?>
<!-- Generated by org.testng.reporters.JUnitReportReporter -->
<testsuite skipped="17" hostname="USBLRCKUMARSIN6" name="com.hpi.test.SanitySuiteExecution.ContactSupport_SanityExecution" tests="22" failures="1" timestamp="08 Aug 2018 12:40:09 GMT" time="81.424" errors="1">
  <testcase name="TC01_BtnsDisplayedTest" time="9.423" classname="com.hpi.test.SanitySuiteExecution.ContactSupport_SanityExecution"/>
  <testcase name="setup" time="27.118" classname="com.hpi.test.SanitySuiteExecution.ContactSupport_SanityExecution">
    <error type="org.openqa.selenium.WebDriverException" message="unknown error: cannot determine loading status
from unknown error: cannot determine loading status
from disconnected: received Inspector.detached event
  (Session info: chrome=67.0.3396.99)
  (Driver info: chromedriver=2.38.552522 (437e6fbedfa8762dec75e2c5b3ddb86763dc9dcb),platform=Windows NT 10.0.14393 x86_64) (WARNING: The server did not provide any stacktrace information)
Command duration or timeout: 0 milliseconds
Build info: version: &#039;3.8.1&#039;, revision: &#039;6e95a6684b&#039;, time: &#039;2017-12-01T19:05:32.194Z&#039;
System info: host: &#039;USBLRCKUMARSIN6&#039;, ip: &#039;10.21.210.48&#039;, os.name: &#039;Windows 10&#039;, os.arch: &#039;amd64&#039;, os.version: &#039;10.0&#039;, java.version: &#039;1.8.0_151&#039;
Driver info: org.openqa.selenium.chrome.ChromeDriver
Capabilities {acceptInsecureCerts: false, acceptSslCerts: false, applicationCacheEnabled: false, browserConnectionEnabled: false, browserName: chrome, chrome: {chromedriverVersion: 2.38.552522 (437e6fbedfa876..., userDataDir: C:\Users\CKUMAR~1\AppData\L...}, cssSelectorsEnabled: true, databaseEnabled: false, handlesAlerts: true, hasTouchScreen: false, javascriptEnabled: true, locationContextEnabled: true, mobileEmulationEnabled: false, nativeEvents: true, networkConnectionEnabled: false, pageLoadStrategy: normal, platform: XP, platformName: XP, rotatable: false, setWindowRect: true, takesHeapSnapshot: true, takesScreenshot: true, unexpectedAlertBehaviour: , unhandledPromptBehavior: , version: 67.0.3396.99, webStorageEnabled: true}
Session ID: 14aaa8c3ddce993b4bdeaa1d505eab0e">
      <![CDATA[org.openqa.selenium.WebDriverException: unknown error: cannot determine loading status
from unknown error: cannot determine loading status
from disconnected: received Inspector.detached event
  (Session info: chrome=67.0.3396.99)
  (Driver info: chromedriver=2.38.552522 (437e6fbedfa8762dec75e2c5b3ddb86763dc9dcb),platform=Windows NT 10.0.14393 x86_64) (WARNING: The server did not provide any stacktrace information)
Command duration or timeout: 0 milliseconds
Build info: version: '3.8.1', revision: '6e95a6684b', time: '2017-12-01T19:05:32.194Z'
System info: host: 'USBLRCKUMARSIN6', ip: '10.21.210.48', os.name: 'Windows 10', os.arch: 'amd64', os.version: '10.0', java.version: '1.8.0_151'
Driver info: org.openqa.selenium.chrome.ChromeDriver
Capabilities {acceptInsecureCerts: false, acceptSslCerts: false, applicationCacheEnabled: false, browserConnectionEnabled: false, browserName: chrome, chrome: {chromedriverVersion: 2.38.552522 (437e6fbedfa876..., userDataDir: C:\Users\CKUMAR~1\AppData\L...}, cssSelectorsEnabled: true, databaseEnabled: false, handlesAlerts: true, hasTouchScreen: false, javascriptEnabled: true, locationContextEnabled: true, mobileEmulationEnabled: false, nativeEvents: true, networkConnectionEnabled: false, pageLoadStrategy: normal, platform: XP, platformName: XP, rotatable: false, setWindowRect: true, takesHeapSnapshot: true, takesScreenshot: true, unexpectedAlertBehaviour: , unhandledPromptBehavior: , version: 67.0.3396.99, webStorageEnabled: true}
Session ID: 14aaa8c3ddce993b4bdeaa1d505eab0e
at sun.reflect.NativeConstructorAccessorImpl.newInstance0(Native Method)
at sun.reflect.NativeConstructorAccessorImpl.newInstance(Unknown Source)
at sun.reflect.DelegatingConstructorAccessorImpl.newInstance(Unknown Source)
at java.lang.reflect.Constructor.newInstance(Unknown Source)
at org.openqa.selenium.remote.ErrorHandler.createThrowable(ErrorHandler.java:214)
at org.openqa.selenium.remote.ErrorHandler.throwIfResponseFailed(ErrorHandler.java:166)
at org.openqa.selenium.remote.http.JsonHttpResponseCodec.reconstructValue(JsonHttpResponseCodec.java:40)
at org.openqa.selenium.remote.http.AbstractHttpResponseCodec.decode(AbstractHttpResponseCodec.java:80)
at org.openqa.selenium.remote.http.AbstractHttpResponseCodec.decode(AbstractHttpResponseCodec.java:44)
at org.openqa.selenium.remote.HttpCommandExecutor.execute(HttpCommandExecutor.java:164)
at org.openqa.selenium.remote.service.DriverCommandExecutor.execute(DriverCommandExecutor.java:83)
at org.openqa.selenium.remote.RemoteWebDriver.execute(RemoteWebDriver.java:601)
at org.openqa.selenium.remote.RemoteWebDriver.get(RemoteWebDriver.java:325)
at com.hpi.test.ParentBase.TestBase.initialization(TestBase.java:30)
at com.hpi.test.SanitySuiteExecution.ContactSupport_SanityExecution.setup(ContactSupport_SanityExecution.java:32)
at sun.reflect.NativeMethodAccessorImpl.invoke0(Native Method)
at sun.reflect.NativeMethodAccessorImpl.invoke(Unknown Source)
at sun.reflect.DelegatingMethodAccessorImpl.invoke(Unknown Source)
at java.lang.reflect.Method.invoke(Unknown Source)
at org.testng.internal.MethodInvocationHelper.invokeMethod(MethodInvocationHelper.java:124)
at org.testng.internal.MethodInvocationHelper.invokeMethodConsideringTimeout(MethodInvocationHelper.java:59)
at org.testng.internal.Invoker.invokeConfigurationMethod(Invoker.java:455)
at org.testng.internal.Invoker.invokeConfigurations(Invoker.java:222)
at org.testng.internal.Invoker.invokeMethod(Invoker.java:520)
at org.testng.internal.Invoker.invokeTestMethod(Invoker.java:716)
at org.testng.internal.Invoker.invokeTestMethods(Invoker.java:988)
at org.testng.internal.TestMethodWorker.invokeTestMethods(TestMethodWorker.java:125)
at org.testng.internal.TestMethodWorker.run(TestMethodWorker.java:109)
at org.testng.TestRunner.privateRun(TestRunner.java:648)
at org.testng.TestRunner.run(TestRunner.java:505)
at org.testng.SuiteRunner.runTest(SuiteRunner.java:455)
at org.testng.SuiteRunner.runSequentially(SuiteRunner.java:450)
at org.testng.SuiteRunner.privateRun(SuiteRunner.java:415)
at org.testng.SuiteRunner.run(SuiteRunner.java:364)
at org.testng.SuiteRunnerWorker.runSuite(SuiteRunnerWorker.java:52)
at org.testng.SuiteRunnerWorker.run(SuiteRunnerWorker.java:84)
at org.testng.TestNG.runSuitesSequentially(TestNG.java:1208)
at org.testng.TestNG.runSuitesLocally(TestNG.java:1137)
at org.testng.TestNG.runSuites(TestNG.java:1049)
at org.testng.TestNG.run(TestNG.java:1017)
at org.testng.remote.AbstractRemoteTestNG.run(AbstractRemoteTestNG.java:114)
at org.testng.remote.RemoteTestNG.initAndRun(RemoteTestNG.java:251)
at org.testng.remote.RemoteTestNG.main(RemoteTestNG.java:77)
]]>
    </error>
  </testcase> <!-- setup -->
  <testcase name="TC02_GuestLoginTest" time="24.040" classname="com.hpi.test.SanitySuiteExecution.ContactSupport_SanityExecution"/>
  <testcase name="TC03_ValidateIdntfyNwBtnTest" time="20.556" classname="com.hpi.test.SanitySuiteExecution.ContactSupport_SanityExecution"/>
  <testcase name="TC04_ClickSDDLinkTest" time="0.287" classname="com.hpi.test.SanitySuiteExecution.ContactSupport_SanityExecution">
    <failure type="java.lang.AssertionError" message="expected [https://uat.support.hp.com/us-en/document/c05061199] but found [https://support.hp.com/us-en/document/c05061199]">
      <![CDATA[java.lang.AssertionError: expected [https://uat.support.hp.com/us-en/document/c05061199] but found [https://support.hp.com/us-en/document/c05061199]
at org.testng.Assert.fail(Assert.java:96)
at org.testng.Assert.failNotEquals(Assert.java:776)
at org.testng.Assert.assertEqualsImpl(Assert.java:137)
at org.testng.Assert.assertEquals(Assert.java:118)
at org.testng.Assert.assertEquals(Assert.java:453)
at org.testng.Assert.assertEquals(Assert.java:463)
at com.hpi.test.SanitySuiteExecution.ContactSupport_SanityExecution.TC04_ClickSDDLinkTest(ContactSupport_SanityExecution.java:89)
at sun.reflect.NativeMethodAccessorImpl.invoke0(Native Method)
at sun.reflect.NativeMethodAccessorImpl.invoke(Unknown Source)
at sun.reflect.DelegatingMethodAccessorImpl.invoke(Unknown Source)
at java.lang.reflect.Method.invoke(Unknown Source)
at org.testng.internal.MethodInvocationHelper.invokeMethod(MethodInvocationHelper.java:124)
at org.testng.internal.Invoker.invokeMethod(Invoker.java:580)
at org.testng.internal.Invoker.invokeTestMethod(Invoker.java:716)
at org.testng.internal.Invoker.invokeTestMethods(Invoker.java:988)
at org.testng.internal.TestMethodWorker.invokeTestMethods(TestMethodWorker.java:125)
at org.testng.internal.TestMethodWorker.run(TestMethodWorker.java:109)
at org.testng.TestRunner.privateRun(TestRunner.java:648)
at org.testng.TestRunner.run(TestRunner.java:505)
at org.testng.SuiteRunner.runTest(SuiteRunner.java:455)
at org.testng.SuiteRunner.runSequentially(SuiteRunner.java:450)
at org.testng.SuiteRunner.privateRun(SuiteRunner.java:415)
at org.testng.SuiteRunner.run(SuiteRunner.java:364)
at org.testng.SuiteRunnerWorker.runSuite(SuiteRunnerWorker.java:52)
at org.testng.SuiteRunnerWorker.run(SuiteRunnerWorker.java:84)
at org.testng.TestNG.runSuitesSequentially(TestNG.java:1208)
at org.testng.TestNG.runSuitesLocally(TestNG.java:1137)
at org.testng.TestNG.runSuites(TestNG.java:1049)
at org.testng.TestNG.run(TestNG.java:1017)
at org.testng.remote.AbstractRemoteTestNG.run(AbstractRemoteTestNG.java:114)
at org.testng.remote.RemoteTestNG.initAndRun(RemoteTestNG.java:251)
at org.testng.remote.RemoteTestNG.main(RemoteTestNG.java:77)
]]>
    </failure>
  </testcase> <!-- TC04_ClickSDDLinkTest -->
  <testcase name="TC05_PfinderSBEnbldTest" time="0.000" classname="com.hpi.test.SanitySuiteExecution.ContactSupport_SanityExecution">
    <skipped/>
  </testcase> <!-- TC05_PfinderSBEnbldTest -->
  <testcase name="TC06_PFindDsbledTest" time="0.000" classname="com.hpi.test.SanitySuiteExecution.ContactSupport_SanityExecution">
    <skipped/>
  </testcase> <!-- TC06_PFindDsbledTest -->
  <testcase name="TC07_PFindEnbledTest" time="0.000" classname="com.hpi.test.SanitySuiteExecution.ContactSupport_SanityExecution">
    <skipped/>
  </testcase> <!-- TC07_PFindEnbledTest -->
  <testcase name="TC08_PfinderTPvalidateTest" time="0.000" classname="com.hpi.test.SanitySuiteExecution.ContactSupport_SanityExecution">
    <skipped/>
  </testcase> <!-- TC08_PfinderTPvalidateTest -->
  <testcase name="TC09_EP_PNameTest" time="0.000" classname="com.hpi.test.SanitySuiteExecution.ContactSupport_SanityExecution">
    <skipped/>
  </testcase> <!-- TC09_EP_PNameTest -->
  <testcase name="TC10_EP_SNOTest" time="0.000" classname="com.hpi.test.SanitySuiteExecution.ContactSupport_SanityExecution">
    <skipped/>
  </testcase> <!-- TC10_EP_SNOTest -->
  <testcase name="TC11_EP_PNTest" time="0.000" classname="com.hpi.test.SanitySuiteExecution.ContactSupport_SanityExecution">
    <skipped/>
  </testcase> <!-- TC11_EP_PNTest -->
  <testcase name="TC12_PN_SNTest" time="0.000" classname="com.hpi.test.SanitySuiteExecution.ContactSupport_SanityExecution">
    <skipped/>
  </testcase> <!-- TC12_PN_SNTest -->
  <testcase name="TC13_SNTest" time="0.000" classname="com.hpi.test.SanitySuiteExecution.ContactSupport_SanityExecution">
    <skipped/>
  </testcase> <!-- TC13_SNTest -->
  <testcase name="TC14_SN_WDTest" time="0.000" classname="com.hpi.test.SanitySuiteExecution.ContactSupport_SanityExecution">
    <skipped/>
  </testcase> <!-- TC14_SN_WDTest -->
  <testcase name="TC15_PN_WDTest" time="0.000" classname="com.hpi.test.SanitySuiteExecution.ContactSupport_SanityExecution">
    <skipped/>
  </testcase> <!-- TC15_PN_WDTest -->
  <testcase name="TC16_SN_ConOptBtnTest" time="0.000" classname="com.hpi.test.SanitySuiteExecution.ContactSupport_SanityExecution">
    <skipped/>
  </testcase> <!-- TC16_SN_ConOptBtnTest -->
  <testcase name="TC17_SN_ConOptTest" time="0.000" classname="com.hpi.test.SanitySuiteExecution.ContactSupport_SanityExecution">
    <skipped/>
  </testcase> <!-- TC17_SN_ConOptTest -->
  <testcase name="TC18_PN_ConOptBtnTest" time="0.000" classname="com.hpi.test.SanitySuiteExecution.ContactSupport_SanityExecution">
    <skipped/>
  </testcase> <!-- TC18_PN_ConOptBtnTest -->
  <testcase name="TC18_PN_ConOptBtnTest" time="0.000" classname="com.hpi.test.SanitySuiteExecution.ContactSupport_SanityExecution">
    <skipped/>
  </testcase> <!-- TC18_PN_ConOptBtnTest -->
  <testcase name="TC19_PN_ConOptTest" time="0.000" classname="com.hpi.test.SanitySuiteExecution.ContactSupport_SanityExecution">
    <skipped/>
  </testcase> <!-- TC19_PN_ConOptTest -->
  <testcase name="TC19_PN_ConOptTest" time="0.000" classname="com.hpi.test.SanitySuiteExecution.ContactSupport_SanityExecution">
    <skipped/>
  </testcase> <!-- TC19_PN_ConOptTest -->
</testsuite> <!-- com.hpi.test.SanitySuiteExecution.ContactSupport_SanityExecution -->
